<?xml version="1.0" encoding="UTF-8"?>
<testng-results skipped="0" failed="0" ignored="0" total="0" passed="0">
  <reporter-output>
  </reporter-output>
  <suite name="Default suite" duration-ms="5" started-at="2016-12-29T18:41:51Z" finished-at="2016-12-29T18:41:51Z">
    <groups>
    </groups>
    <test name="Default test" duration-ms="5" started-at="2016-12-29T18:41:51Z" finished-at="2016-12-29T18:41:51Z">
      <class name="com.example.tests.Yavare2">
        <test-method status="PASS" signature="setUp()[pri:0, instance:com.example.tests.Yavare2@32d992b2]" name="setUp" is-config="true" duration-ms="3588" started-at="2016-12-29T20:41:48Z" finished-at="2016-12-29T20:41:51Z">
          <reporter-output>
          </reporter-output>
        </test-method> <!-- setUp -->
        <test-method status="PASS" signature="tearDown()[pri:0, instance:com.example.tests.Yavare2@32d992b2]" name="tearDown" is-config="true" duration-ms="1387" started-at="2016-12-29T20:41:51Z" finished-at="2016-12-29T20:41:53Z">
          <reporter-output>
          </reporter-output>
        </test-method> <!-- tearDown -->
      </class> <!-- com.example.tests.Yavare2 -->
    </test> <!-- Default test -->
  </suite> <!-- Default suite -->
</testng-results>
